--- Build FAILED ---

> ralph-monorepo@1.0.0 build
> npm run build --workspaces --if-present


> flowchart@0.0.0 build
> tsc -b && vite build

src/App.tsx(243,43): error TS2345: Argument of type '() => Node[]' is not assignable to parameter of type 'Node[]'.
src/App.tsx(244,43): error TS2345: Argument of type '() => Edge[]' is not assignable to parameter of type 'Edge[]'.
npm error Lifecycle script `build` failed with error:
npm error code 2
npm error path /Users/jean-philippebrule/Desktop/ralph/apps/flowchart
npm error workspace flowchart@0.0.0
npm error location /Users/jean-philippebrule/Desktop/ralph/apps/flowchart
npm error command failed
npm error command sh -c tsc -b && vite build
--- END Build ---
